<?xml version="1.0" encoding="UTF-8" standalone="yes"?><!DOCTYPE report PUBLIC "-//JACOCO//DTD Report 1.1//EN" "report.dtd"><report name="github-action-maven"><sessioninfo id="fv-az574-713-90c8580b" start="1672159363190" dump="1672159364266"/><sessioninfo id="fv-az166-656-4a048424" start="1672159570551" dump="1672159571434"/><sessioninfo id="fv-az851-431-3a5bd214" start="1672159767486" dump="1672159768392"/><sessioninfo id="fv-az622-512-a44f7e3c" start="1672160083011" dump="1672160084027"/><sessioninfo id="codespaces-48e233-edd04c37" start="1672162333161" dump="1672162334353"/><sessioninfo id="fv-az577-887-70108496" start="1672162933031" dump="1672162933903"/><sessioninfo id="fv-az180-961-d3247e82" start="1672163643912" dump="1672163644859"/><sessioninfo id="fv-az256-63-10ffc359" start="1672164306796" dump="1672164307964"/><sessioninfo id="fv-az445-432-324aceb" start="1672164644084" dump="1672164644999"/><sessioninfo id="fv-az262-625-72775b57" start="1672164906098" dump="1672164907147"/><sessioninfo id="fv-az566-435-c719a1d2" start="1672165631830" dump="1672165632742"/><sessioninfo id="fv-az244-31-3e12a01d" start="1672165875689" dump="1672165876733"/><sessioninfo id="fv-az193-721-635167f8" start="1672166382888" dump="1672166383788"/><package name="edu/fra/uas"><class name="edu/fra/uas/FirstProgram" sourcefilename="FirstProgram.java"><method name="&lt;init&gt;" desc="()V" line="6"><counter type="INSTRUCTION" missed="0" covered="3"/><counter type="LINE" missed="0" covered="1"/><counter type="COMPLEXITY" missed="0" covered="1"/><counter type="METHOD" missed="0" covered="1"/></method><method name="main" desc="([Ljava/lang/String;)V" line="14"><counter type="INSTRUCTION" missed="4" covered="0"/><counter type="LINE" missed="2" covered="0"/><counter type="COMPLEXITY" missed="1" covered="0"/><counter type="METHOD" missed="1" covered="0"/></method><method name="multiply" desc="(II)I" line="24"><counter type="INSTRUCTION" missed="0" covered="4"/><counter type="LINE" missed="0" covered="1"/><counter type="COMPLEXITY" missed="0" covered="1"/><counter type="METHOD" missed="0" covered="1"/></method><counter type="INSTRUCTION" missed="4" covered="7"/><counter type="LINE" missed="2" covered="2"/><counter type="COMPLEXITY" missed="1" covered="2"/><counter type="METHOD" missed="1" covered="2"/><counter type="CLASS" missed="0" covered="1"/></class><sourcefile name="FirstProgram.java"><line nr="6" mi="0" ci="3" mb="0" cb="0"/><line nr="14" mi="3" ci="0" mb="0" cb="0"/><line nr="15" mi="1" ci="0" mb="0" cb="0"/><line nr="24" mi="0" ci="4" mb="0" cb="0"/><counter type="INSTRUCTION" missed="4" covered="7"/><counter type="LINE" missed="2" covered="2"/><counter type="COMPLEXITY" missed="1" covered="2"/><counter type="METHOD" missed="1" covered="2"/><counter type="CLASS" missed="0" covered="1"/></sourcefile><counter type="INSTRUCTION" missed="4" covered="7"/><counter type="LINE" missed="2" covered="2"/><counter type="COMPLEXITY" missed="1" covered="2"/><counter type="METHOD" missed="1" covered="2"/><counter type="CLASS" missed="0" covered="1"/></package><counter type="INSTRUCTION" missed="4" covered="7"/><counter type="LINE" missed="2" covered="2"/><counter type="COMPLEXITY" missed="1" covered="2"/><counter type="METHOD" missed="1" covered="2"/><counter type="CLASS" missed="0" covered="1"/></report>